2023-09-27 17:40:31.535 | ERROR    | handlers.user_handlers.user_handlers:greeting:57 - no such table: users_start
Traceback (most recent call last):

  File "C:\Users\zhvit\YandexDisk\Python\Ğ‘Ğ¾Ñ‚Ñ‹ Telegram\@oxy_center_krd_bot\main.py", line 34, in <module>
    main()  # Ğ—Ğ°Ğ¿ÑƒÑĞº Ğ±Ğ¾Ñ‚Ğ°
    â”” <function main at 0x00000233C554B880>

  File "C:\Users\zhvit\YandexDisk\Python\Ğ‘Ğ¾Ñ‚Ñ‹ Telegram\@oxy_center_krd_bot\main.py", line 19, in main
    executor.start_polling(dp, skip_updates=True)
    â”‚        â”‚             â”” <aiogram.dispatcher.dispatcher.Dispatcher object at 0x00000233C590B5D0>
    â”‚        â”” <function start_polling at 0x00000233C554A340>
    â”” <module 'aiogram.utils.executor' from 'C:\\Users\\zhvit\\AppData\\Local\\Programs\\Python\\Python311\\Lib\\site-packages\\aio...

  File "C:\Users\zhvit\AppData\Local\Programs\Python\Python311\Lib\site-packages\aiogram\utils\executor.py", line 45, in start_polling
    executor.start_polling(
    â”‚        â”” <function Executor.start_polling at 0x00000233C554AE80>
    â”” <aiogram.utils.executor.Executor object at 0x00000233C4302A90>
  File "C:\Users\zhvit\AppData\Local\Programs\Python\Python311\Lib\site-packages\aiogram\utils\executor.py", line 323, in start_polling
    loop.run_forever()
    â”‚    â”” <function ProactorEventLoop.run_forever at 0x00000233C3D3F420>
    â”” <ProactorEventLoop running=True closed=False debug=False>
  File "C:\Users\zhvit\AppData\Local\Programs\Python\Python311\Lib\asyncio\windows_events.py", line 321, in run_forever
    super().run_forever()
  File "C:\Users\zhvit\AppData\Local\Programs\Python\Python311\Lib\asyncio\base_events.py", line 607, in run_forever
    self._run_once()
    â”‚    â”” <function BaseEventLoop._run_once at 0x00000233C3C851C0>
    â”” <ProactorEventLoop running=True closed=False debug=False>
  File "C:\Users\zhvit\AppData\Local\Programs\Python\Python311\Lib\asyncio\base_events.py", line 1922, in _run_once
    handle._run()
    â”‚      â”” <function Handle._run at 0x00000233C3BC2980>
    â”” <Handle <TaskStepMethWrapper object at 0x00000233C5C644F0>()>
  File "C:\Users\zhvit\AppData\Local\Programs\Python\Python311\Lib\asyncio\events.py", line 80, in _run
    self._context.run(self._callback, *self._args)
    â”‚    â”‚            â”‚    â”‚           â”‚    â”” <member '_args' of 'Handle' objects>
    â”‚    â”‚            â”‚    â”‚           â”” <Handle <TaskStepMethWrapper object at 0x00000233C5C644F0>()>
    â”‚    â”‚            â”‚    â”” <member '_callback' of 'Handle' objects>
    â”‚    â”‚            â”” <Handle <TaskStepMethWrapper object at 0x00000233C5C644F0>()>
    â”‚    â”” <member '_context' of 'Handle' objects>
    â”” <Handle <TaskStepMethWrapper object at 0x00000233C5C644F0>()>
  File "C:\Users\zhvit\AppData\Local\Programs\Python\Python311\Lib\site-packages\aiogram\dispatcher\handler.py", line 117, in notify
    response = await handler_obj.handler(*args, **partial_data)
                     â”‚           â”‚        â”‚       â”” {}
                     â”‚           â”‚        â”” (<Update {"update_id": 63013008, "message": {"message_id": 2133, "from": {"id": 535185511, "is_bot": false, "first_name": "ğ–ğ–...
                     â”‚           â”” <bound method Dispatcher.process_update of <aiogram.dispatcher.dispatcher.Dispatcher object at 0x00000233C590B5D0>>
                     â”” Handler.HandlerObj(handler=<bound method Dispatcher.process_update of <aiogram.dispatcher.dispatcher.Dispatcher object at 0x0...
  File "C:\Users\zhvit\AppData\Local\Programs\Python\Python311\Lib\site-packages\aiogram\dispatcher\dispatcher.py", line 256, in process_update
    return await self.message_handlers.notify(update.message)
                 â”‚    â”‚                â”‚      â”‚      â”” <aiogram.types.fields.Field object at 0x00000233C4BBFB50>
                 â”‚    â”‚                â”‚      â”” <Update {"update_id": 63013008, "message": {"message_id": 2133, "from": {"id": 535185511, "is_bot": false, "first_name": "ğ–ğ–ğ–™...
                 â”‚    â”‚                â”” <function Handler.notify at 0x00000233C4C622A0>
                 â”‚    â”” <aiogram.dispatcher.handler.Handler object at 0x00000233C41D9290>
                 â”” <aiogram.dispatcher.dispatcher.Dispatcher object at 0x00000233C590B5D0>
  File "C:\Users\zhvit\AppData\Local\Programs\Python\Python311\Lib\site-packages\aiogram\dispatcher\handler.py", line 117, in notify
    response = await handler_obj.handler(*args, **partial_data)
                     â”‚           â”‚        â”‚       â”” {'state': <aiogram.dispatcher.storage.FSMContext object at 0x00000233C5C4D910>}
                     â”‚           â”‚        â”” (<Message {"message_id": 2133, "from": {"id": 535185511, "is_bot": false, "first_name": "ğ–ğ–ğ–™ğ–†ğ–‘ğ–ğ›„", "last_name": "ğ–…ğ–ğ–†ğ–‡ğ–ğ–“ğ–˜ğ–ğ–ğ›„",...
                     â”‚           â”” <function greeting at 0x00000233C5C10040>
                     â”” Handler.HandlerObj(handler=<function greeting at 0x00000233C5C10040>, spec=FullArgSpec(args=['message', 'state'], varargs=Non...

> File "C:\Users\zhvit\YandexDisk\Python\Ğ‘Ğ¾Ñ‚Ñ‹ Telegram\@oxy_center_krd_bot\handlers\user_handlers\user_handlers.py", line 39, in greeting
    cursor.execute("INSERT INTO users_start (user_id, username, first_name, last_name, join_date) "
    â”‚      â”” <method 'execute' of 'sqlite3.Cursor' objects>
    â”” <sqlite3.Cursor object at 0x00000233C5C50EC0>

sqlite3.OperationalError: no such table: users_start
2023-09-27 17:42:08.114 | ERROR    | handlers.user_handlers.user_handlers:greeting:57 - UNIQUE constraint failed: users_start.user_id
Traceback (most recent call last):

  File "C:\Users\zhvit\YandexDisk\Python\Ğ‘Ğ¾Ñ‚Ñ‹ Telegram\@oxy_center_krd_bot\main.py", line 34, in <module>
    main()  # Ğ—Ğ°Ğ¿ÑƒÑĞº Ğ±Ğ¾Ñ‚Ğ°
    â”” <function main at 0x00000258ED97B880>

  File "C:\Users\zhvit\YandexDisk\Python\Ğ‘Ğ¾Ñ‚Ñ‹ Telegram\@oxy_center_krd_bot\main.py", line 19, in main
    executor.start_polling(dp, skip_updates=True)
    â”‚        â”‚             â”” <aiogram.dispatcher.dispatcher.Dispatcher object at 0x00000258EDD4AD10>
    â”‚        â”” <function start_polling at 0x00000258ED97A340>
    â”” <module 'aiogram.utils.executor' from 'C:\\Users\\zhvit\\AppData\\Local\\Programs\\Python\\Python311\\Lib\\site-packages\\aio...

  File "C:\Users\zhvit\AppData\Local\Programs\Python\Python311\Lib\site-packages\aiogram\utils\executor.py", line 45, in start_polling
    executor.start_polling(
    â”‚        â”” <function Executor.start_polling at 0x00000258ED97AE80>
    â”” <aiogram.utils.executor.Executor object at 0x00000258EDD5F990>
  File "C:\Users\zhvit\AppData\Local\Programs\Python\Python311\Lib\site-packages\aiogram\utils\executor.py", line 323, in start_polling
    loop.run_forever()
    â”‚    â”” <function ProactorEventLoop.run_forever at 0x00000258EC16F420>
    â”” <ProactorEventLoop running=True closed=False debug=False>
  File "C:\Users\zhvit\AppData\Local\Programs\Python\Python311\Lib\asyncio\windows_events.py", line 321, in run_forever
    super().run_forever()
  File "C:\Users\zhvit\AppData\Local\Programs\Python\Python311\Lib\asyncio\base_events.py", line 607, in run_forever
    self._run_once()
    â”‚    â”” <function BaseEventLoop._run_once at 0x00000258EC0B51C0>
    â”” <ProactorEventLoop running=True closed=False debug=False>
  File "C:\Users\zhvit\AppData\Local\Programs\Python\Python311\Lib\asyncio\base_events.py", line 1922, in _run_once
    handle._run()
    â”‚      â”” <function Handle._run at 0x00000258EBFF2980>
    â”” <Handle <TaskStepMethWrapper object at 0x00000258EE090880>()>
  File "C:\Users\zhvit\AppData\Local\Programs\Python\Python311\Lib\asyncio\events.py", line 80, in _run
    self._context.run(self._callback, *self._args)
    â”‚    â”‚            â”‚    â”‚           â”‚    â”” <member '_args' of 'Handle' objects>
    â”‚    â”‚            â”‚    â”‚           â”” <Handle <TaskStepMethWrapper object at 0x00000258EE090880>()>
    â”‚    â”‚            â”‚    â”” <member '_callback' of 'Handle' objects>
    â”‚    â”‚            â”” <Handle <TaskStepMethWrapper object at 0x00000258EE090880>()>
    â”‚    â”” <member '_context' of 'Handle' objects>
    â”” <Handle <TaskStepMethWrapper object at 0x00000258EE090880>()>
  File "C:\Users\zhvit\AppData\Local\Programs\Python\Python311\Lib\site-packages\aiogram\dispatcher\handler.py", line 117, in notify
    response = await handler_obj.handler(*args, **partial_data)
                     â”‚           â”‚        â”‚       â”” {}
                     â”‚           â”‚        â”” (<Update {"update_id": 63013010, "message": {"message_id": 2136, "from": {"id": 535185511, "is_bot": false, "first_name": "ğ–ğ–...
                     â”‚           â”” <bound method Dispatcher.process_update of <aiogram.dispatcher.dispatcher.Dispatcher object at 0x00000258EDD4AD10>>
                     â”” Handler.HandlerObj(handler=<bound method Dispatcher.process_update of <aiogram.dispatcher.dispatcher.Dispatcher object at 0x0...
  File "C:\Users\zhvit\AppData\Local\Programs\Python\Python311\Lib\site-packages\aiogram\dispatcher\dispatcher.py", line 256, in process_update
    return await self.message_handlers.notify(update.message)
                 â”‚    â”‚                â”‚      â”‚      â”” <aiogram.types.fields.Field object at 0x00000258ECFEFA90>
                 â”‚    â”‚                â”‚      â”” <Update {"update_id": 63013010, "message": {"message_id": 2136, "from": {"id": 535185511, "is_bot": false, "first_name": "ğ–ğ–ğ–™...
                 â”‚    â”‚                â”” <function Handler.notify at 0x00000258ED0922A0>
                 â”‚    â”” <aiogram.dispatcher.handler.Handler object at 0x00000258EDCCA290>
                 â”” <aiogram.dispatcher.dispatcher.Dispatcher object at 0x00000258EDD4AD10>
  File "C:\Users\zhvit\AppData\Local\Programs\Python\Python311\Lib\site-packages\aiogram\dispatcher\handler.py", line 117, in notify
    response = await handler_obj.handler(*args, **partial_data)
                     â”‚           â”‚        â”‚       â”” {'state': <aiogram.dispatcher.storage.FSMContext object at 0x00000258EDA3D910>}
                     â”‚           â”‚        â”” (<Message {"message_id": 2136, "from": {"id": 535185511, "is_bot": false, "first_name": "ğ–ğ–ğ–™ğ–†ğ–‘ğ–ğ›„", "last_name": "ğ–…ğ–ğ–†ğ–‡ğ–ğ–“ğ–˜ğ–ğ–ğ›„",...
                     â”‚           â”” <function greeting at 0x00000258EE017F60>
                     â”” Handler.HandlerObj(handler=<function greeting at 0x00000258EE017F60>, spec=FullArgSpec(args=['message', 'state'], varargs=Non...

> File "C:\Users\zhvit\YandexDisk\Python\Ğ‘Ğ¾Ñ‚Ñ‹ Telegram\@oxy_center_krd_bot\handlers\user_handlers\user_handlers.py", line 39, in greeting
    cursor.execute("INSERT INTO users_start (user_id, username, first_name, last_name, join_date) "
    â”‚      â”” <method 'execute' of 'sqlite3.Cursor' objects>
    â”” <sqlite3.Cursor object at 0x00000258EE079840>

sqlite3.IntegrityError: UNIQUE constraint failed: users_start.user_id
2023-09-27 17:42:20.392 | ERROR    | handlers.user_handlers.user_handlers:greeting:57 - database is locked
Traceback (most recent call last):

  File "C:\Users\zhvit\YandexDisk\Python\Ğ‘Ğ¾Ñ‚Ñ‹ Telegram\@oxy_center_krd_bot\main.py", line 34, in <module>
    main()  # Ğ—Ğ°Ğ¿ÑƒÑĞº Ğ±Ğ¾Ñ‚Ğ°
    â”” <function main at 0x00000258ED97B880>

  File "C:\Users\zhvit\YandexDisk\Python\Ğ‘Ğ¾Ñ‚Ñ‹ Telegram\@oxy_center_krd_bot\main.py", line 19, in main
    executor.start_polling(dp, skip_updates=True)
    â”‚        â”‚             â”” <aiogram.dispatcher.dispatcher.Dispatcher object at 0x00000258EDD4AD10>
    â”‚        â”” <function start_polling at 0x00000258ED97A340>
    â”” <module 'aiogram.utils.executor' from 'C:\\Users\\zhvit\\AppData\\Local\\Programs\\Python\\Python311\\Lib\\site-packages\\aio...

  File "C:\Users\zhvit\AppData\Local\Programs\Python\Python311\Lib\site-packages\aiogram\utils\executor.py", line 45, in start_polling
    executor.start_polling(
    â”‚        â”” <function Executor.start_polling at 0x00000258ED97AE80>
    â”” <aiogram.utils.executor.Executor object at 0x00000258EDD5F990>
  File "C:\Users\zhvit\AppData\Local\Programs\Python\Python311\Lib\site-packages\aiogram\utils\executor.py", line 323, in start_polling
    loop.run_forever()
    â”‚    â”” <function ProactorEventLoop.run_forever at 0x00000258EC16F420>
    â”” <ProactorEventLoop running=True closed=False debug=False>
  File "C:\Users\zhvit\AppData\Local\Programs\Python\Python311\Lib\asyncio\windows_events.py", line 321, in run_forever
    super().run_forever()
  File "C:\Users\zhvit\AppData\Local\Programs\Python\Python311\Lib\asyncio\base_events.py", line 607, in run_forever
    self._run_once()
    â”‚    â”” <function BaseEventLoop._run_once at 0x00000258EC0B51C0>
    â”” <ProactorEventLoop running=True closed=False debug=False>
  File "C:\Users\zhvit\AppData\Local\Programs\Python\Python311\Lib\asyncio\base_events.py", line 1922, in _run_once
    handle._run()
    â”‚      â”” <function Handle._run at 0x00000258EBFF2980>
    â”” <Handle <TaskStepMethWrapper object at 0x00000258EE090970>()>
  File "C:\Users\zhvit\AppData\Local\Programs\Python\Python311\Lib\asyncio\events.py", line 80, in _run
    self._context.run(self._callback, *self._args)
    â”‚    â”‚            â”‚    â”‚           â”‚    â”” <member '_args' of 'Handle' objects>
    â”‚    â”‚            â”‚    â”‚           â”” <Handle <TaskStepMethWrapper object at 0x00000258EE090970>()>
    â”‚    â”‚            â”‚    â”” <member '_callback' of 'Handle' objects>
    â”‚    â”‚            â”” <Handle <TaskStepMethWrapper object at 0x00000258EE090970>()>
    â”‚    â”” <member '_context' of 'Handle' objects>
    â”” <Handle <TaskStepMethWrapper object at 0x00000258EE090970>()>
  File "C:\Users\zhvit\AppData\Local\Programs\Python\Python311\Lib\site-packages\aiogram\dispatcher\handler.py", line 117, in notify
    response = await handler_obj.handler(*args, **partial_data)
                     â”‚           â”‚        â”‚       â”” {}
                     â”‚           â”‚        â”” (<Update {"update_id": 63013011, "message": {"message_id": 2137, "from": {"id": 535185511, "is_bot": false, "first_name": "ğ–ğ–...
                     â”‚           â”” <bound method Dispatcher.process_update of <aiogram.dispatcher.dispatcher.Dispatcher object at 0x00000258EDD4AD10>>
                     â”” Handler.HandlerObj(handler=<bound method Dispatcher.process_update of <aiogram.dispatcher.dispatcher.Dispatcher object at 0x0...
  File "C:\Users\zhvit\AppData\Local\Programs\Python\Python311\Lib\site-packages\aiogram\dispatcher\dispatcher.py", line 256, in process_update
    return await self.message_handlers.notify(update.message)
                 â”‚    â”‚                â”‚      â”‚      â”” <aiogram.types.fields.Field object at 0x00000258ECFEFA90>
                 â”‚    â”‚                â”‚      â”” <Update {"update_id": 63013011, "message": {"message_id": 2137, "from": {"id": 535185511, "is_bot": false, "first_name": "ğ–ğ–ğ–™...
                 â”‚    â”‚                â”” <function Handler.notify at 0x00000258ED0922A0>
                 â”‚    â”” <aiogram.dispatcher.handler.Handler object at 0x00000258EDCCA290>
                 â”” <aiogram.dispatcher.dispatcher.Dispatcher object at 0x00000258EDD4AD10>
  File "C:\Users\zhvit\AppData\Local\Programs\Python\Python311\Lib\site-packages\aiogram\dispatcher\handler.py", line 117, in notify
    response = await handler_obj.handler(*args, **partial_data)
                     â”‚           â”‚        â”‚       â”” {'state': <aiogram.dispatcher.storage.FSMContext object at 0x00000258EDD399D0>}
                     â”‚           â”‚        â”” (<Message {"message_id": 2137, "from": {"id": 535185511, "is_bot": false, "first_name": "ğ–ğ–ğ–™ğ–†ğ–‘ğ–ğ›„", "last_name": "ğ–…ğ–ğ–†ğ–‡ğ–ğ–“ğ–˜ğ–ğ–ğ›„",...
                     â”‚           â”” <function greeting at 0x00000258EE017F60>
                     â”” Handler.HandlerObj(handler=<function greeting at 0x00000258EE017F60>, spec=FullArgSpec(args=['message', 'state'], varargs=Non...

> File "C:\Users\zhvit\YandexDisk\Python\Ğ‘Ğ¾Ñ‚Ñ‹ Telegram\@oxy_center_krd_bot\handlers\user_handlers\user_handlers.py", line 39, in greeting
    cursor.execute("INSERT INTO users_start (user_id, username, first_name, last_name, join_date) "
    â”‚      â”” <method 'execute' of 'sqlite3.Cursor' objects>
    â”” <sqlite3.Cursor object at 0x00000258EF11B840>

sqlite3.OperationalError: database is locked
2023-09-27 17:42:50.309 | ERROR    | handlers.user_handlers.user_handlers:greeting:56 - UNIQUE constraint failed: users_start.user_id
Traceback (most recent call last):

  File "C:\Users\zhvit\YandexDisk\Python\Ğ‘Ğ¾Ñ‚Ñ‹ Telegram\@oxy_center_krd_bot\main.py", line 34, in <module>
    main()  # Ğ—Ğ°Ğ¿ÑƒÑĞº Ğ±Ğ¾Ñ‚Ğ°
    â”” <function main at 0x00000220472DB880>

  File "C:\Users\zhvit\YandexDisk\Python\Ğ‘Ğ¾Ñ‚Ñ‹ Telegram\@oxy_center_krd_bot\main.py", line 19, in main
    executor.start_polling(dp, skip_updates=True)
    â”‚        â”‚             â”” <aiogram.dispatcher.dispatcher.Dispatcher object at 0x00000220476C0C90>
    â”‚        â”” <function start_polling at 0x00000220472DA340>
    â”” <module 'aiogram.utils.executor' from 'C:\\Users\\zhvit\\AppData\\Local\\Programs\\Python\\Python311\\Lib\\site-packages\\aio...

  File "C:\Users\zhvit\AppData\Local\Programs\Python\Python311\Lib\site-packages\aiogram\utils\executor.py", line 45, in start_polling
    executor.start_polling(
    â”‚        â”” <function Executor.start_polling at 0x00000220472DAE80>
    â”” <aiogram.utils.executor.Executor object at 0x00000220476BAC10>
  File "C:\Users\zhvit\AppData\Local\Programs\Python\Python311\Lib\site-packages\aiogram\utils\executor.py", line 323, in start_polling
    loop.run_forever()
    â”‚    â”” <function ProactorEventLoop.run_forever at 0x0000022045AEF420>
    â”” <ProactorEventLoop running=True closed=False debug=False>
  File "C:\Users\zhvit\AppData\Local\Programs\Python\Python311\Lib\asyncio\windows_events.py", line 321, in run_forever
    super().run_forever()
  File "C:\Users\zhvit\AppData\Local\Programs\Python\Python311\Lib\asyncio\base_events.py", line 607, in run_forever
    self._run_once()
    â”‚    â”” <function BaseEventLoop._run_once at 0x0000022045A351C0>
    â”” <ProactorEventLoop running=True closed=False debug=False>
  File "C:\Users\zhvit\AppData\Local\Programs\Python\Python311\Lib\asyncio\base_events.py", line 1922, in _run_once
    handle._run()
    â”‚      â”” <function Handle._run at 0x0000022045982980>
    â”” <Handle <TaskStepMethWrapper object at 0x00000220479F0460>()>
  File "C:\Users\zhvit\AppData\Local\Programs\Python\Python311\Lib\asyncio\events.py", line 80, in _run
    self._context.run(self._callback, *self._args)
    â”‚    â”‚            â”‚    â”‚           â”‚    â”” <member '_args' of 'Handle' objects>
    â”‚    â”‚            â”‚    â”‚           â”” <Handle <TaskStepMethWrapper object at 0x00000220479F0460>()>
    â”‚    â”‚            â”‚    â”” <member '_callback' of 'Handle' objects>
    â”‚    â”‚            â”” <Handle <TaskStepMethWrapper object at 0x00000220479F0460>()>
    â”‚    â”” <member '_context' of 'Handle' objects>
    â”” <Handle <TaskStepMethWrapper object at 0x00000220479F0460>()>
  File "C:\Users\zhvit\AppData\Local\Programs\Python\Python311\Lib\site-packages\aiogram\dispatcher\handler.py", line 117, in notify
    response = await handler_obj.handler(*args, **partial_data)
                     â”‚           â”‚        â”‚       â”” {}
                     â”‚           â”‚        â”” (<Update {"update_id": 63013013, "message": {"message_id": 2139, "from": {"id": 535185511, "is_bot": false, "first_name": "ğ–ğ–...
                     â”‚           â”” <bound method Dispatcher.process_update of <aiogram.dispatcher.dispatcher.Dispatcher object at 0x00000220476C0C90>>
                     â”” Handler.HandlerObj(handler=<bound method Dispatcher.process_update of <aiogram.dispatcher.dispatcher.Dispatcher object at 0x0...
  File "C:\Users\zhvit\AppData\Local\Programs\Python\Python311\Lib\site-packages\aiogram\dispatcher\dispatcher.py", line 256, in process_update
    return await self.message_handlers.notify(update.message)
                 â”‚    â”‚                â”‚      â”‚      â”” <aiogram.types.fields.Field object at 0x000002204714F950>
                 â”‚    â”‚                â”‚      â”” <Update {"update_id": 63013013, "message": {"message_id": 2139, "from": {"id": 535185511, "is_bot": false, "first_name": "ğ–ğ–ğ–™...
                 â”‚    â”‚                â”” <function Handler.notify at 0x00000220471F22A0>
                 â”‚    â”” <aiogram.dispatcher.handler.Handler object at 0x00000220473E6850>
                 â”” <aiogram.dispatcher.dispatcher.Dispatcher object at 0x00000220476C0C90>
  File "C:\Users\zhvit\AppData\Local\Programs\Python\Python311\Lib\site-packages\aiogram\dispatcher\handler.py", line 117, in notify
    response = await handler_obj.handler(*args, **partial_data)
                     â”‚           â”‚        â”‚       â”” {'state': <aiogram.dispatcher.storage.FSMContext object at 0x00000220476BB0D0>}
                     â”‚           â”‚        â”” (<Message {"message_id": 2139, "from": {"id": 535185511, "is_bot": false, "first_name": "ğ–ğ–ğ–™ğ–†ğ–‘ğ–ğ›„", "last_name": "ğ–…ğ–ğ–†ğ–‡ğ–ğ–“ğ–˜ğ–ğ–ğ›„",...
                     â”‚           â”” <function greeting at 0x00000220479A4040>
                     â”” Handler.HandlerObj(handler=<function greeting at 0x00000220479A4040>, spec=FullArgSpec(args=['message', 'state'], varargs=Non...

> File "C:\Users\zhvit\YandexDisk\Python\Ğ‘Ğ¾Ñ‚Ñ‹ Telegram\@oxy_center_krd_bot\handlers\user_handlers\user_handlers.py", line 38, in greeting
    cursor.execute("INSERT INTO users_start (user_id, username, first_name, last_name, join_date) "
    â”‚      â”” <method 'execute' of 'sqlite3.Cursor' objects>
    â”” <sqlite3.Cursor object at 0x00000220479D8E40>

sqlite3.IntegrityError: UNIQUE constraint failed: users_start.user_id
2023-09-30 02:33:30.427 | ERROR    | __main__:main:22 - Aiohttp client throws an error: ClientConnectorError: Cannot connect to host api.telegram.org:443 ssl:default [getaddrinfo failed]
Traceback (most recent call last):

  File "C:\Users\zhvit\AppData\Local\Programs\Python\Python310\lib\site-packages\aiohttp\connector.py", line 1155, in _create_direct_connection
    hosts = await asyncio.shield(host_resolved)
                  â”‚       â”‚      â”” <Task finished name='Task-2' coro=<TCPConnector._resolve_host() done, defined at C:\Users\zhvit\AppData\Local\Programs\Python...
                  â”‚       â”” <function shield at 0x0000024FEBA6C820>
                  â”” <module 'asyncio' from 'C:\\Users\\zhvit\\AppData\\Local\\Programs\\Python\\Python310\\lib\\asyncio\\__init__.py'>

  File "C:\Users\zhvit\AppData\Local\Programs\Python\Python310\lib\site-packages\aiohttp\connector.py", line 874, in _resolve_host
    addrs = await self._resolver.resolve(host, port, family=self._family)
                  â”‚    â”‚         â”‚       â”‚     â”‚            â”‚    â”” 0
                  â”‚    â”‚         â”‚       â”‚     â”‚            â”” <aiohttp.connector.TCPConnector object at 0x0000024FF0069A20>
                  â”‚    â”‚         â”‚       â”‚     â”” 443
                  â”‚    â”‚         â”‚       â”” 'api.telegram.org'
                  â”‚    â”‚         â”” <function ThreadedResolver.resolve at 0x0000024FEC453250>
                  â”‚    â”” <aiohttp.resolver.ThreadedResolver object at 0x0000024FF0069A80>
                  â”” <aiohttp.connector.TCPConnector object at 0x0000024FF0069A20>

  File "C:\Users\zhvit\AppData\Local\Programs\Python\Python310\lib\site-packages\aiohttp\resolver.py", line 33, in resolve
    infos = await self._loop.getaddrinfo(
                  â”‚    â”‚     â”” <function BaseEventLoop.getaddrinfo at 0x0000024FEBA89BD0>
                  â”‚    â”” <ProactorEventLoop running=False closed=False debug=False>
                  â”” <aiohttp.resolver.ThreadedResolver object at 0x0000024FF0069A80>

  File "C:\Users\zhvit\AppData\Local\Programs\Python\Python310\lib\asyncio\base_events.py", line 860, in getaddrinfo
    return await self.run_in_executor(
                 â”‚    â”” <function BaseEventLoop.run_in_executor at 0x0000024FEBA89A20>
                 â”” <ProactorEventLoop running=False closed=False debug=False>

  File "C:\Users\zhvit\AppData\Local\Programs\Python\Python310\lib\concurrent\futures\thread.py", line 58, in run
    result = self.fn(*self.args, **self.kwargs)
             â”‚        â”‚            â”” None
             â”‚        â”” None
             â”” None

  File "C:\Users\zhvit\AppData\Local\Programs\Python\Python310\lib\socket.py", line 955, in getaddrinfo
    for res in _socket.getaddrinfo(host, port, family, type, proto, flags):
               â”‚       â”‚           â”‚     â”‚     â”‚       â”‚     â”‚      â”” <AddressInfo.AI_ADDRCONFIG: 1024>
               â”‚       â”‚           â”‚     â”‚     â”‚       â”‚     â”” 0
               â”‚       â”‚           â”‚     â”‚     â”‚       â”” <SocketKind.SOCK_STREAM: 1>
               â”‚       â”‚           â”‚     â”‚     â”” 0
               â”‚       â”‚           â”‚     â”” 443
               â”‚       â”‚           â”” 'api.telegram.org'
               â”‚       â”” <built-in function getaddrinfo>
               â”” <module '_socket' from 'C:\\Users\\zhvit\\AppData\\Local\\Programs\\Python\\Python310\\DLLs\\_socket.pyd'>

socket.gaierror: [Errno 11004] getaddrinfo failed


The above exception was the direct cause of the following exception:


Traceback (most recent call last):

  File "C:\Users\zhvit\AppData\Local\Programs\Python\Python310\lib\site-packages\aiogram\bot\api.py", line 139, in make_request
    async with session.post(url, data=req, **kwargs) as response:
               â”‚       â”‚    â”‚         â”‚      â”” {'proxy': None, 'proxy_auth': None, 'timeout': <object object at 0x0000024FE9869660>}
               â”‚       â”‚    â”‚         â”” <aiohttp.formdata.FormData object at 0x0000024FF0069B70>
               â”‚       â”‚    â”” 'https://api.telegram.org/bot6350767693:AAEercyVCWdBzuTX7FZGA4FJKqlVJU1rZqQ/getMe'
               â”‚       â”” <function ClientSession.post at 0x0000024FEC4F1870>
               â”” <aiohttp.client.ClientSession object at 0x0000024FF0069B40>

  File "C:\Users\zhvit\AppData\Local\Programs\Python\Python310\lib\site-packages\aiohttp\client.py", line 1141, in __aenter__
    self._resp = await self._coro
    â”‚    â”‚             â”‚    â”” <member '_coro' of '_BaseRequestContextManager' objects>
    â”‚    â”‚             â”” <aiohttp.client._RequestContextManager object at 0x0000024FF0069CF0>
    â”‚    â”” <member '_resp' of '_BaseRequestContextManager' objects>
    â”” <aiohttp.client._RequestContextManager object at 0x0000024FF0069CF0>

  File "C:\Users\zhvit\AppData\Local\Programs\Python\Python310\lib\site-packages\aiohttp\client.py", line 536, in _request
    conn = await self._connector.connect(
                 â”‚    â”” None
                 â”” <aiohttp.client.ClientSession object at 0x0000024FF0069B40>

  File "C:\Users\zhvit\AppData\Local\Programs\Python\Python310\lib\site-packages\aiohttp\connector.py", line 540, in connect
    proto = await self._create_connection(req, traces, timeout)
                  â”‚    â”‚                  â”‚    â”‚       â”” ClientTimeout(total=300, connect=None, sock_read=None, sock_connect=None)
                  â”‚    â”‚                  â”‚    â”” []
                  â”‚    â”‚                  â”” <aiohttp.client_reqrep.ClientRequest object at 0x0000024FF0069DE0>
                  â”‚    â”” <function TCPConnector._create_connection at 0x0000024FEC475120>
                  â”” <aiohttp.connector.TCPConnector object at 0x0000024FF0069A20>

  File "C:\Users\zhvit\AppData\Local\Programs\Python\Python310\lib\site-packages\aiohttp\connector.py", line 901, in _create_connection
    _, proto = await self._create_direct_connection(req, traces, timeout)
                     â”‚    â”‚                         â”‚    â”‚       â”” ClientTimeout(total=300, connect=None, sock_read=None, sock_connect=None)
                     â”‚    â”‚                         â”‚    â”” []
                     â”‚    â”‚                         â”” <aiohttp.client_reqrep.ClientRequest object at 0x0000024FF0069DE0>
                     â”‚    â”” <function TCPConnector._create_direct_connection at 0x0000024FEC475750>
                     â”” <aiohttp.connector.TCPConnector object at 0x0000024FF0069A20>

  File "C:\Users\zhvit\AppData\Local\Programs\Python\Python310\lib\site-packages\aiohttp\connector.py", line 1169, in _create_direct_connection
    raise ClientConnectorError(req.connection_key, exc) from exc
          â”‚                    â”‚   â”” <property object at 0x0000024FEC3E3BA0>
          â”‚                    â”” <aiohttp.client_reqrep.ClientRequest object at 0x0000024FF0069DE0>
          â”” <class 'aiohttp.client_exceptions.ClientConnectorError'>

aiohttp.client_exceptions.ClientConnectorError: Cannot connect to host api.telegram.org:443 ssl:default [getaddrinfo failed]


During handling of the above exception, another exception occurred:


Traceback (most recent call last):

  File "C:\Users\zhvit\YandexDisk\Python\Ğ‘Ğ¾Ñ‚Ñ‹ Telegram\@oxy_center_krd_bot\main.py", line 36, in <module>
    main()  # Ğ—Ğ°Ğ¿ÑƒÑĞº Ğ±Ğ¾Ñ‚Ğ°
    â”” <function main at 0x0000024FF0073760>

> File "C:\Users\zhvit\YandexDisk\Python\Ğ‘Ğ¾Ñ‚Ñ‹ Telegram\@oxy_center_krd_bot\main.py", line 20, in main
    executor.start_polling(dp, skip_updates=True)
    â”‚        â”‚             â”” <aiogram.dispatcher.dispatcher.Dispatcher object at 0x0000024FEFFD2F80>
    â”‚        â”” <function start_polling at 0x0000024FECAAAEF0>
    â”” <module 'aiogram.utils.executor' from 'C:\\Users\\zhvit\\AppData\\Local\\Programs\\Python\\Python310\\lib\\site-packages\\aio...

  File "C:\Users\zhvit\AppData\Local\Programs\Python\Python310\lib\site-packages\aiogram\utils\executor.py", line 45, in start_polling
    executor.start_polling(
    â”‚        â”” <function Executor.start_polling at 0x0000024FECAAB910>
    â”” <aiogram.utils.executor.Executor object at 0x0000024FF00697B0>

  File "C:\Users\zhvit\AppData\Local\Programs\Python\Python310\lib\site-packages\aiogram\utils\executor.py", line 320, in start_polling
    loop.run_until_complete(self._startup_polling())
    â”‚    â”‚                  â”‚    â”” <function Executor._startup_polling at 0x0000024FECAABBE0>
    â”‚    â”‚                  â”” <aiogram.utils.executor.Executor object at 0x0000024FF00697B0>
    â”‚    â”” <function BaseEventLoop.run_until_complete at 0x0000024FEBA89240>
    â”” <ProactorEventLoop running=False closed=False debug=False>

  File "C:\Users\zhvit\AppData\Local\Programs\Python\Python310\lib\asyncio\base_events.py", line 646, in run_until_complete
    return future.result()
           â”‚      â”” <method 'result' of '_asyncio.Task' objects>
           â”” <Task finished name='Task-1' coro=<Executor._startup_polling() done, defined at C:\Users\zhvit\AppData\Local\Programs\Python\...

  File "C:\Users\zhvit\AppData\Local\Programs\Python\Python310\lib\site-packages\aiogram\utils\executor.py", line 372, in _startup_polling
    await self._welcome()
          â”‚    â”” <function Executor._welcome at 0x0000024FECAABAC0>
          â”” <aiogram.utils.executor.Executor object at 0x0000024FF00697B0>

  File "C:\Users\zhvit\AppData\Local\Programs\Python\Python310\lib\site-packages\aiogram\utils\executor.py", line 361, in _welcome
    user = await self.dispatcher.bot.me
                 â”‚    â”‚          â”‚   â”” <property object at 0x0000024FEC9A41D0>
                 â”‚    â”‚          â”” <aiogram.bot.bot.Bot object at 0x0000024FEFFD2AD0>
                 â”‚    â”” <aiogram.dispatcher.dispatcher.Dispatcher object at 0x0000024FEFFD2F80>
                 â”” <aiogram.utils.executor.Executor object at 0x0000024FF00697B0>

  File "C:\Users\zhvit\AppData\Local\Programs\Python\Python310\lib\site-packages\aiogram\bot\bot.py", line 30, in me
    setattr(self, '_me', await self.get_me())
            â”‚                  â”‚    â”” <function Bot.get_me at 0x0000024FEC991990>
            â”‚                  â”” <aiogram.bot.bot.Bot object at 0x0000024FEFFD2AD0>
            â”” <aiogram.bot.bot.Bot object at 0x0000024FEFFD2AD0>

  File "C:\Users\zhvit\AppData\Local\Programs\Python\Python310\lib\site-packages\aiogram\bot\bot.py", line 233, in get_me
    result = await self.request(api.Methods.GET_ME, payload)
                   â”‚    â”‚       â”‚   â”‚       â”‚       â”” {}
                   â”‚    â”‚       â”‚   â”‚       â”” <aiogram.utils.helper.Item object at 0x0000024FEC957DF0>
                   â”‚    â”‚       â”‚   â”” <class 'aiogram.bot.api.Methods'>
                   â”‚    â”‚       â”” <module 'aiogram.bot.api' from 'C:\\Users\\zhvit\\AppData\\Local\\Programs\\Python\\Python310\\lib\\site-packages\\aiogram\\b...
                   â”‚    â”” <function BaseBot.request at 0x0000024FEC990310>
                   â”” <aiogram.bot.bot.Bot object at 0x0000024FEFFD2AD0>

  File "C:\Users\zhvit\AppData\Local\Programs\Python\Python310\lib\site-packages\aiogram\bot\base.py", line 236, in request
    return await api.make_request(await self.get_session(), self.server, self.__token, method, data, files,
                 â”‚   â”‚                  â”‚    â”‚              â”‚    â”‚       â”‚             â”‚       â”‚     â”” None
                 â”‚   â”‚                  â”‚    â”‚              â”‚    â”‚       â”‚             â”‚       â”” {}
                 â”‚   â”‚                  â”‚    â”‚              â”‚    â”‚       â”‚             â”” 'getMe'
                 â”‚   â”‚                  â”‚    â”‚              â”‚    â”‚       â”” <aiogram.bot.bot.Bot object at 0x0000024FEFFD2AD0>
                 â”‚   â”‚                  â”‚    â”‚              â”‚    â”” TelegramAPIServer(base='https://api.telegram.org/bot{token}/{method}', file='https://api.telegram.org/file/bot{token}/{path}')
                 â”‚   â”‚                  â”‚    â”‚              â”” <aiogram.bot.bot.Bot object at 0x0000024FEFFD2AD0>
                 â”‚   â”‚                  â”‚    â”” <function BaseBot.get_session at 0x0000024FEC973B50>
                 â”‚   â”‚                  â”” <aiogram.bot.bot.Bot object at 0x0000024FEFFD2AD0>
                 â”‚   â”” <function make_request at 0x0000024FEC91BA30>
                 â”” <module 'aiogram.bot.api' from 'C:\\Users\\zhvit\\AppData\\Local\\Programs\\Python\\Python310\\lib\\site-packages\\aiogram\\b...

  File "C:\Users\zhvit\AppData\Local\Programs\Python\Python310\lib\site-packages\aiogram\bot\api.py", line 142, in make_request
    raise exceptions.NetworkError(f"aiohttp client throws an error: {e.__class__.__name__}: {e}")
          â”‚          â”” <class 'aiogram.utils.exceptions.NetworkError'>
          â”” <module 'aiogram.utils.exceptions' from 'C:\\Users\\zhvit\\AppData\\Local\\Programs\\Python\\Python310\\lib\\site-packages\\a...

aiogram.utils.exceptions.NetworkError: Aiohttp client throws an error: ClientConnectorError: Cannot connect to host api.telegram.org:443 ssl:default [getaddrinfo failed]
2023-09-30 02:40:23.695 | ERROR    | handlers.user_handlers.user_handlers:disagree_handler:92 - name 'message' is not defined
Traceback (most recent call last):

  File "C:\Users\zhvit\YandexDisk\Python\Ğ‘Ğ¾Ñ‚Ñ‹ Telegram\@oxy_center_krd_bot\main.py", line 36, in <module>
    main()  # Ğ—Ğ°Ğ¿ÑƒÑĞº Ğ±Ğ¾Ñ‚Ğ°
    â”” <function main at 0x00000208E78F3880>

  File "C:\Users\zhvit\YandexDisk\Python\Ğ‘Ğ¾Ñ‚Ñ‹ Telegram\@oxy_center_krd_bot\main.py", line 20, in main
    executor.start_polling(dp, skip_updates=True)
    â”‚        â”‚             â”” <aiogram.dispatcher.dispatcher.Dispatcher object at 0x00000208E7857010>
    â”‚        â”” <function start_polling at 0x00000208E432AEF0>
    â”” <module 'aiogram.utils.executor' from 'C:\\Users\\zhvit\\AppData\\Local\\Programs\\Python\\Python310\\lib\\site-packages\\aio...

  File "C:\Users\zhvit\AppData\Local\Programs\Python\Python310\lib\site-packages\aiogram\utils\executor.py", line 45, in start_polling
    executor.start_polling(
    â”‚        â”” <function Executor.start_polling at 0x00000208E432B910>
    â”” <aiogram.utils.executor.Executor object at 0x00000208E788EB60>

  File "C:\Users\zhvit\AppData\Local\Programs\Python\Python310\lib\site-packages\aiogram\utils\executor.py", line 323, in start_polling
    loop.run_forever()
    â”‚    â”” <function ProactorEventLoop.run_forever at 0x00000208E33B9C60>
    â”” <ProactorEventLoop running=True closed=False debug=False>

  File "C:\Users\zhvit\AppData\Local\Programs\Python\Python310\lib\asyncio\windows_events.py", line 321, in run_forever
    super().run_forever()

  File "C:\Users\zhvit\AppData\Local\Programs\Python\Python310\lib\asyncio\base_events.py", line 600, in run_forever
    self._run_once()
    â”‚    â”” <function BaseEventLoop._run_once at 0x00000208E330ACB0>
    â”” <ProactorEventLoop running=True closed=False debug=False>

  File "C:\Users\zhvit\AppData\Local\Programs\Python\Python310\lib\asyncio\base_events.py", line 1896, in _run_once
    handle._run()
    â”‚      â”” <function Handle._run at 0x00000208E325E290>
    â”” <Handle <TaskStepMethWrapper object at 0x00000208E7954EE0>()>

  File "C:\Users\zhvit\AppData\Local\Programs\Python\Python310\lib\asyncio\events.py", line 80, in _run
    self._context.run(self._callback, *self._args)
    â”‚    â”‚            â”‚    â”‚           â”‚    â”” <member '_args' of 'Handle' objects>
    â”‚    â”‚            â”‚    â”‚           â”” <Handle <TaskStepMethWrapper object at 0x00000208E7954EE0>()>
    â”‚    â”‚            â”‚    â”” <member '_callback' of 'Handle' objects>
    â”‚    â”‚            â”” <Handle <TaskStepMethWrapper object at 0x00000208E7954EE0>()>
    â”‚    â”” <member '_context' of 'Handle' objects>
    â”” <Handle <TaskStepMethWrapper object at 0x00000208E7954EE0>()>

  File "C:\Users\zhvit\AppData\Local\Programs\Python\Python310\lib\site-packages\aiogram\dispatcher\handler.py", line 117, in notify
    response = await handler_obj.handler(*args, **partial_data)
                     â”‚           â”‚        â”‚       â”” {}
                     â”‚           â”‚        â”” (<Update {"update_id": 63013231, "callback_query": {"id": "2298604268429874562", "from": {"id": 535185511, "is_bot": false, "...
                     â”‚           â”” <bound method Dispatcher.process_update of <aiogram.dispatcher.dispatcher.Dispatcher object at 0x00000208E7857010>>
                     â”” Handler.HandlerObj(handler=<bound method Dispatcher.process_update of <aiogram.dispatcher.dispatcher.Dispatcher object at 0x0...

  File "C:\Users\zhvit\AppData\Local\Programs\Python\Python310\lib\site-packages\aiogram\dispatcher\dispatcher.py", line 283, in process_update
    return await self.callback_query_handlers.notify(update.callback_query)
                 â”‚    â”‚                       â”‚      â”‚      â”” <aiogram.types.fields.Field object at 0x00000208E41D1510>
                 â”‚    â”‚                       â”‚      â”” <Update {"update_id": 63013231, "callback_query": {"id": "2298604268429874562", "from": {"id": 535185511, "is_bot": false, "f...
                 â”‚    â”‚                       â”” <function Handler.notify at 0x00000208E4262050>
                 â”‚    â”” <aiogram.dispatcher.handler.Handler object at 0x00000208E7857760>
                 â”” <aiogram.dispatcher.dispatcher.Dispatcher object at 0x00000208E7857010>

  File "C:\Users\zhvit\AppData\Local\Programs\Python\Python310\lib\site-packages\aiogram\dispatcher\handler.py", line 117, in notify
    response = await handler_obj.handler(*args, **partial_data)
                     â”‚           â”‚        â”‚       â”” {'state': <aiogram.dispatcher.storage.FSMContext object at 0x00000208E79551E0>}
                     â”‚           â”‚        â”” (<CallbackQuery {"id": "2298604268429874562", "from": {"id": 535185511, "is_bot": false, "first_name": "ğ–ğ–ğ–™ğ–†ğ–‘ğ–ğ›„", "last_name"...
                     â”‚           â”” <function disagree_handler at 0x00000208E78B88B0>
                     â”” Handler.HandlerObj(handler=<function disagree_handler at 0x00000208E78B88B0>, spec=FullArgSpec(args=['callback_query', 'state...

> File "C:\Users\zhvit\YandexDisk\Python\Ğ‘Ğ¾Ñ‚Ñ‹ Telegram\@oxy_center_krd_bot\handlers\user_handlers\user_handlers.py", line 58, in disagree_handler
    user_id = message.from_user.id

NameError: name 'message' is not defined
2023-09-30 02:42:45.778 | ERROR    | handlers.user_handlers.user_handlers:disagree_handler:92 - 'CallbackQuery' object has no attribute 'date'
Traceback (most recent call last):

  File "C:\Users\zhvit\YandexDisk\Python\Ğ‘Ğ¾Ñ‚Ñ‹ Telegram\@oxy_center_krd_bot\main.py", line 36, in <module>
    main()  # Ğ—Ğ°Ğ¿ÑƒÑĞº Ğ±Ğ¾Ñ‚Ğ°
    â”” <function main at 0x0000022A82D97910>

  File "C:\Users\zhvit\YandexDisk\Python\Ğ‘Ğ¾Ñ‚Ñ‹ Telegram\@oxy_center_krd_bot\main.py", line 20, in main
    executor.start_polling(dp, skip_updates=True)
    â”‚        â”‚             â”” <aiogram.dispatcher.dispatcher.Dispatcher object at 0x0000022A82CF7040>
    â”‚        â”” <function start_polling at 0x0000022AFF7CAEF0>
    â”” <module 'aiogram.utils.executor' from 'C:\\Users\\zhvit\\AppData\\Local\\Programs\\Python\\Python310\\lib\\site-packages\\aio...

  File "C:\Users\zhvit\AppData\Local\Programs\Python\Python310\lib\site-packages\aiogram\utils\executor.py", line 45, in start_polling
    executor.start_polling(
    â”‚        â”” <function Executor.start_polling at 0x0000022AFF7CB910>
    â”” <aiogram.utils.executor.Executor object at 0x0000022A82D564A0>

  File "C:\Users\zhvit\AppData\Local\Programs\Python\Python310\lib\site-packages\aiogram\utils\executor.py", line 323, in start_polling
    loop.run_forever()
    â”‚    â”” <function ProactorEventLoop.run_forever at 0x0000022AFE859C60>
    â”” <ProactorEventLoop running=True closed=False debug=False>

  File "C:\Users\zhvit\AppData\Local\Programs\Python\Python310\lib\asyncio\windows_events.py", line 321, in run_forever
    super().run_forever()

  File "C:\Users\zhvit\AppData\Local\Programs\Python\Python310\lib\asyncio\base_events.py", line 600, in run_forever
    self._run_once()
    â”‚    â”” <function BaseEventLoop._run_once at 0x0000022AFE7AACB0>
    â”” <ProactorEventLoop running=True closed=False debug=False>

  File "C:\Users\zhvit\AppData\Local\Programs\Python\Python310\lib\asyncio\base_events.py", line 1896, in _run_once
    handle._run()
    â”‚      â”” <function Handle._run at 0x0000022AFE6FE290>
    â”” <Handle <TaskStepMethWrapper object at 0x0000022A82DF5630>()>

  File "C:\Users\zhvit\AppData\Local\Programs\Python\Python310\lib\asyncio\events.py", line 80, in _run
    self._context.run(self._callback, *self._args)
    â”‚    â”‚            â”‚    â”‚           â”‚    â”” <member '_args' of 'Handle' objects>
    â”‚    â”‚            â”‚    â”‚           â”” <Handle <TaskStepMethWrapper object at 0x0000022A82DF5630>()>
    â”‚    â”‚            â”‚    â”” <member '_callback' of 'Handle' objects>
    â”‚    â”‚            â”” <Handle <TaskStepMethWrapper object at 0x0000022A82DF5630>()>
    â”‚    â”” <member '_context' of 'Handle' objects>
    â”” <Handle <TaskStepMethWrapper object at 0x0000022A82DF5630>()>

  File "C:\Users\zhvit\AppData\Local\Programs\Python\Python310\lib\site-packages\aiogram\dispatcher\handler.py", line 117, in notify
    response = await handler_obj.handler(*args, **partial_data)
                     â”‚           â”‚        â”‚       â”” {}
                     â”‚           â”‚        â”” (<Update {"update_id": 63013235, "callback_query": {"id": "2298604269285448953", "from": {"id": 535185511, "is_bot": false, "...
                     â”‚           â”” <bound method Dispatcher.process_update of <aiogram.dispatcher.dispatcher.Dispatcher object at 0x0000022A82CF7040>>
                     â”” Handler.HandlerObj(handler=<bound method Dispatcher.process_update of <aiogram.dispatcher.dispatcher.Dispatcher object at 0x0...

  File "C:\Users\zhvit\AppData\Local\Programs\Python\Python310\lib\site-packages\aiogram\dispatcher\dispatcher.py", line 283, in process_update
    return await self.callback_query_handlers.notify(update.callback_query)
                 â”‚    â”‚                       â”‚      â”‚      â”” <aiogram.types.fields.Field object at 0x0000022AFF671540>
                 â”‚    â”‚                       â”‚      â”” <Update {"update_id": 63013235, "callback_query": {"id": "2298604269285448953", "from": {"id": 535185511, "is_bot": false, "f...
                 â”‚    â”‚                       â”” <function Handler.notify at 0x0000022AFF702050>
                 â”‚    â”” <aiogram.dispatcher.handler.Handler object at 0x0000022A82CF7790>
                 â”” <aiogram.dispatcher.dispatcher.Dispatcher object at 0x0000022A82CF7040>

  File "C:\Users\zhvit\AppData\Local\Programs\Python\Python310\lib\site-packages\aiogram\dispatcher\handler.py", line 117, in notify
    response = await handler_obj.handler(*args, **partial_data)
                     â”‚           â”‚        â”‚       â”” {'state': <aiogram.dispatcher.storage.FSMContext object at 0x0000022A82DF5060>}
                     â”‚           â”‚        â”” (<CallbackQuery {"id": "2298604269285448953", "from": {"id": 535185511, "is_bot": false, "first_name": "ğ–ğ–ğ–™ğ–†ğ–‘ğ–ğ›„", "last_name"...
                     â”‚           â”” <function disagree_handler at 0x0000022A82D58940>
                     â”” Handler.HandlerObj(handler=<function disagree_handler at 0x0000022A82D58940>, spec=FullArgSpec(args=['callback_query', 'state...

> File "C:\Users\zhvit\YandexDisk\Python\Ğ‘Ğ¾Ñ‚Ñ‹ Telegram\@oxy_center_krd_bot\handlers\user_handlers\user_handlers.py", line 62, in disagree_handler
    join_date = callback_query.date.strftime("%Y-%m-%d %H:%M:%S")
                â”” <CallbackQuery {"id": "2298604269285448953", "from": {"id": 535185511, "is_bot": false, "first_name": "ğ–ğ–ğ–™ğ–†ğ–‘ğ–ğ›„", "last_name":...

AttributeError: 'CallbackQuery' object has no attribute 'date'
2023-09-30 02:43:34.934 | ERROR    | handlers.user_handlers.user_handlers:disagree_handler:94 - name 'datetime' is not defined
Traceback (most recent call last):

  File "C:\Users\zhvit\YandexDisk\Python\Ğ‘Ğ¾Ñ‚Ñ‹ Telegram\@oxy_center_krd_bot\main.py", line 36, in <module>
    main()  # Ğ—Ğ°Ğ¿ÑƒÑĞº Ğ±Ğ¾Ñ‚Ğ°
    â”” <function main at 0x0000021C00177910>

  File "C:\Users\zhvit\YandexDisk\Python\Ğ‘Ğ¾Ñ‚Ñ‹ Telegram\@oxy_center_krd_bot\main.py", line 20, in main
    executor.start_polling(dp, skip_updates=True)
    â”‚        â”‚             â”” <aiogram.dispatcher.dispatcher.Dispatcher object at 0x0000021C000D7010>
    â”‚        â”” <function start_polling at 0x0000021C7CBAAEF0>
    â”” <module 'aiogram.utils.executor' from 'C:\\Users\\zhvit\\AppData\\Local\\Programs\\Python\\Python310\\lib\\site-packages\\aio...

  File "C:\Users\zhvit\AppData\Local\Programs\Python\Python310\lib\site-packages\aiogram\utils\executor.py", line 45, in start_polling
    executor.start_polling(
    â”‚        â”” <function Executor.start_polling at 0x0000021C7CBAB910>
    â”” <aiogram.utils.executor.Executor object at 0x0000021C00136470>

  File "C:\Users\zhvit\AppData\Local\Programs\Python\Python310\lib\site-packages\aiogram\utils\executor.py", line 323, in start_polling
    loop.run_forever()
    â”‚    â”” <function ProactorEventLoop.run_forever at 0x0000021C7BC79C60>
    â”” <ProactorEventLoop running=True closed=False debug=False>

  File "C:\Users\zhvit\AppData\Local\Programs\Python\Python310\lib\asyncio\windows_events.py", line 321, in run_forever
    super().run_forever()

  File "C:\Users\zhvit\AppData\Local\Programs\Python\Python310\lib\asyncio\base_events.py", line 600, in run_forever
    self._run_once()
    â”‚    â”” <function BaseEventLoop._run_once at 0x0000021C7BBCACB0>
    â”” <ProactorEventLoop running=True closed=False debug=False>

  File "C:\Users\zhvit\AppData\Local\Programs\Python\Python310\lib\asyncio\base_events.py", line 1896, in _run_once
    handle._run()
    â”‚      â”” <function Handle._run at 0x0000021C7BB2E290>
    â”” <Handle <TaskStepMethWrapper object at 0x0000021C001D43D0>()>

  File "C:\Users\zhvit\AppData\Local\Programs\Python\Python310\lib\asyncio\events.py", line 80, in _run
    self._context.run(self._callback, *self._args)
    â”‚    â”‚            â”‚    â”‚           â”‚    â”” <member '_args' of 'Handle' objects>
    â”‚    â”‚            â”‚    â”‚           â”” <Handle <TaskStepMethWrapper object at 0x0000021C001D43D0>()>
    â”‚    â”‚            â”‚    â”” <member '_callback' of 'Handle' objects>
    â”‚    â”‚            â”” <Handle <TaskStepMethWrapper object at 0x0000021C001D43D0>()>
    â”‚    â”” <member '_context' of 'Handle' objects>
    â”” <Handle <TaskStepMethWrapper object at 0x0000021C001D43D0>()>

  File "C:\Users\zhvit\AppData\Local\Programs\Python\Python310\lib\site-packages\aiogram\dispatcher\handler.py", line 117, in notify
    response = await handler_obj.handler(*args, **partial_data)
                     â”‚           â”‚        â”‚       â”” {}
                     â”‚           â”‚        â”” (<Update {"update_id": 63013239, "callback_query": {"id": "2298604270792831217", "from": {"id": 535185511, "is_bot": false, "...
                     â”‚           â”” <bound method Dispatcher.process_update of <aiogram.dispatcher.dispatcher.Dispatcher object at 0x0000021C000D7010>>
                     â”” Handler.HandlerObj(handler=<bound method Dispatcher.process_update of <aiogram.dispatcher.dispatcher.Dispatcher object at 0x0...

  File "C:\Users\zhvit\AppData\Local\Programs\Python\Python310\lib\site-packages\aiogram\dispatcher\dispatcher.py", line 283, in process_update
    return await self.callback_query_handlers.notify(update.callback_query)
                 â”‚    â”‚                       â”‚      â”‚      â”” <aiogram.types.fields.Field object at 0x0000021C7CA55510>
                 â”‚    â”‚                       â”‚      â”” <Update {"update_id": 63013239, "callback_query": {"id": "2298604270792831217", "from": {"id": 535185511, "is_bot": false, "f...
                 â”‚    â”‚                       â”” <function Handler.notify at 0x0000021C7CAE2050>
                 â”‚    â”” <aiogram.dispatcher.handler.Handler object at 0x0000021C000D7760>
                 â”” <aiogram.dispatcher.dispatcher.Dispatcher object at 0x0000021C000D7010>

  File "C:\Users\zhvit\AppData\Local\Programs\Python\Python310\lib\site-packages\aiogram\dispatcher\handler.py", line 117, in notify
    response = await handler_obj.handler(*args, **partial_data)
                     â”‚           â”‚        â”‚       â”” {'state': <aiogram.dispatcher.storage.FSMContext object at 0x0000021C001D5090>}
                     â”‚           â”‚        â”” (<CallbackQuery {"id": "2298604270792831217", "from": {"id": 535185511, "is_bot": false, "first_name": "ğ–ğ–ğ–™ğ–†ğ–‘ğ–ğ›„", "last_name"...
                     â”‚           â”” <function disagree_handler at 0x0000021C00138940>
                     â”” Handler.HandlerObj(handler=<function disagree_handler at 0x0000021C00138940>, spec=FullArgSpec(args=['callback_query', 'state...

> File "C:\Users\zhvit\YandexDisk\Python\Ğ‘Ğ¾Ñ‚Ñ‹ Telegram\@oxy_center_krd_bot\handlers\user_handlers\user_handlers.py", line 61, in disagree_handler
    join_date = datetime.now().strftime("%Y-%m-%d %H:%M:%S")

NameError: name 'datetime' is not defined
